
Tue Jul 14 2015 17:18:51 GMT+0200 (CEST)

Operating System
  Name                        = Mac OS X
  Version                     = 10.10.3
  Architecture                = 64bit
  # CPUs                      = 8
  Memory                      = 17179869184

Node.js
  Node.js Version             = 0.10.37
  npm Version                 = 1.4.28

Titanium CLI
  CLI Version                 = 4.0.1

Titanium SDK
  SDK Version                 = 4.0.0.GA
  SDK Path                    = /Users/enrique/Library/Application Support/Titanium/mobilesdk/osx/4.0.0.GA
  Target Platform             = iphone

Command
  /usr/local/bin/node /Users/enrique/.appcelerator/install/4.0.2/package/node_modules/appc-cli-titanium/node_modules/titanium/bin/titanium build --platform iphone --log-level trace --sdk 4.0.0.GA --project-dir /Users/enrique/Documents/Appcelerator_Studio_Workspace/HADA --target simulator --ios-version 8.4 --device-family iphone --deploy-type development --sim-type iphone --sim-version 8.4 --device-id F2CC00AF-8262-4430-8161-0D7E33A024B1 --skip-js-minify --no-colors --no-progress-bars --no-prompt --prompt-type socket-bundle --prompt-port 52987 --plugin-paths /Users/enrique/.appcelerator/install/4.0.2/package/node_modules --config-file /var/folders/p2/4xjrb4416zv64hj7xj6v9whr0000gp/T/build-1436887127616.json --no-banner

[DEBUG]  Detecting modules in /Users/enrique/Library/Application Support/Titanium/modules
[DEBUG]  Detected android module: com.appcelerator.apm 1.1.1 @ /Users/enrique/Library/Application Support/Titanium/modules/android/com.appcelerator.apm/1.1.1
[DEBUG]  Detected android module: facebook 4.0.3 @ /Users/enrique/Library/Application Support/Titanium/modules/android/facebook/4.0.3
[DEBUG]  Detected android module: ti.cloudpush 3.3.8 @ /Users/enrique/Library/Application Support/Titanium/modules/android/ti.cloudpush/3.3.8
[DEBUG]  Detected android module: ti.map 2.3.0 @ /Users/enrique/Library/Application Support/Titanium/modules/android/ti.map/2.3.0
[DEBUG]  Detected commonjs module: ti.cloud 3.2.8 @ /Users/enrique/Library/Application Support/Titanium/modules/commonjs/ti.cloud/3.2.8
[DEBUG]  Detected iphone module: com.appcelerator.apm 1.1.1 @ /Users/enrique/Library/Application Support/Titanium/modules/iphone/com.appcelerator.apm/1.1.1
[DEBUG]  Detected iphone module: com.appcelerator.urlSession 1.1.1 @ /Users/enrique/Library/Application Support/Titanium/modules/iphone/com.appcelerator.urlSession/1.1.1
[DEBUG]  Detected iphone module: facebook 4.0.3 @ /Users/enrique/Library/Application Support/Titanium/modules/iphone/facebook/4.0.3
[DEBUG]  Detected iphone module: ti.coremotion 1.1.0 @ /Users/enrique/Library/Application Support/Titanium/modules/iphone/ti.coremotion/1.1.0
[DEBUG]  Detected iphone module: ti.map 2.2.2 @ /Users/enrique/Library/Application Support/Titanium/modules/iphone/ti.map/2.2.2
[DEBUG]  Detected iphone module: ti.touchid 1.1.0 @ /Users/enrique/Library/Application Support/Titanium/modules/iphone/ti.touchid/1.1.0
[DEBUG]  Looking for Titanium module id=ti.map version=latest platform=iphone deploy-type=development
[INFO]   Found Titanium module id=ti.map version=2.2.2 platform=iphone deploy-type=development path=/Users/enrique/Library/Application Support/Titanium/modules/iphone/ti.map/2.2.2
[DEBUG]  Detecting plugins in /Users/enrique/Documents/Appcelerator_Studio_Workspace/HADA/plugins
[DEBUG]  Detected plugin: ti.alloy @ /Users/enrique/Documents/Appcelerator_Studio_Workspace/HADA/plugins/ti.alloy
[DEBUG]  Detecting plugins in /Users/enrique/Library/Application Support/Titanium/plugins
[DEBUG]  Detected plugin: com.appcelerator.test @ /Users/enrique/Library/Application Support/Titanium/plugins/com.appcelerator.test
[DEBUG]  Looking for Titanium plugin id=ti.alloy version=1.0
[INFO]   Found Titanium plugin id=ti.alloy version=1.0 
[DEBUG]  Titanium SDK iOS directory: /Users/enrique/Library/Application Support/Titanium/mobilesdk/osx/4.0.0.GA/iphone
[INFO]   Deploy type: development
[INFO]   Building for target: simulator
[INFO]   Building using iOS SDK: 8.4
[INFO]   Building for iOS Simulator: iPhone 4s
[DEBUG]  UDID: F2CC00AF-8262-4430-8161-0D7E33A024B1
[DEBUG]  Simulator type: iphone
[DEBUG]  Simulator version: 8.4
[INFO]   Building for device family: iphone
[DEBUG]  Setting Xcode target to Debug
[DEBUG]  Setting Xcode build OS to iphonesimulator8.4
[DEBUG]  Xcode installation: /Applications/Xcode.app/Contents/Developer
[DEBUG]  iOS WWDR certificate: installed
[INFO]   Minimum iOS version: 7.0
[INFO]   Debugging disabled
[INFO]   Profiler disabled
[INFO]   Initiating prepare phase
[INFO]   Found Alloy app in /Users/enrique/Documents/Appcelerator_Studio_Workspace/HADA/app
[INFO]   Executing Alloy compile: /usr/local/bin/node /Users/enrique/.appcelerator/install/4.0.2/package/node_modules/appc-cli-titanium/node_modules/.bin/alloy compile /Users/enrique/Documents/Appcelerator_Studio_Workspace/HADA/app --config platform=ios,version=0,simtype=none,devicefamily=iphone,deploytype=development,target=simulator --no-colors
[DEBUG]         .__  .__                
[DEBUG]  _____  |  | |  |   ____ ___.__.
[DEBUG]  \__  \ |  | |  |  /  _ <   |  |
[DEBUG]   / __ \|  |_|  |_(  <_> )___  |
[DEBUG]  (____  /____/____/\____// ____|
[DEBUG]       \/                 \/
[DEBUG]  Alloy 1.6.2 by Appcelerator. The MVC app framework for Titanium.
[DEBUG]  ----- CONFIGURATION -----
[DEBUG]  raw config = "platform=ios,version=0,simtype=none,devicefamily=iphone,deploytype=development,target=simulator"
[DEBUG]  platform = ios
[DEBUG]  version = 0
[DEBUG]  simtype = none
[DEBUG]  devicefamily = iphone
[DEBUG]  deploytype = development
[DEBUG]  target = simulator
[DEBUG]  project path = /Users/enrique/Documents/Appcelerator_Studio_Workspace/HADA
[DEBUG]  app path = /Users/enrique/Documents/Appcelerator_Studio_Workspace/HADA/app
[DEBUG]  
[DEBUG]  ----- CONFIG.JSON -----
[DEBUG]  dependencies = {"nl.fokkezb.button":"1.4"}
[INFO]   [config.json] config.json unchanged, using cached config.json...
[DEBUG]  {
[DEBUG]  "dependencies": {
[DEBUG]  "nl.fokkezb.button": "1.4"
[DEBUG]  },
[DEBUG]  "sourcemap": true,
[DEBUG]  "autoStyle": false,
[DEBUG]  "adapters": [
[DEBUG]  "localStorage",
[DEBUG]  "properties",
[DEBUG]  "sql"
[DEBUG]  ]
[DEBUG]  }
[DEBUG]  
[DEBUG]  ----- CLEANING RESOURCES -----
[DEBUG]  Removing orphaned controllers ...
[DEBUG]  Removing orphaned models ...
[DEBUG]  Removing orphaned styles ...
[DEBUG]  Removing orphaned sync adapters...
[DEBUG]  Removing orphaned assets and libs...
[DEBUG]  
[DEBUG]  ----- BASE RUNTIME FILES -----
[TRACE]  SRC_DIR=/Users/enrique/.appcelerator/install/4.0.2/package/node_modules/appc-cli-titanium/node_modules/alloy/Alloy/lib
[TRACE]  Copying SRC_DIR/alloy/sync/sql.js --> Resources/iphone/alloy/sync/sql.js
[TRACE]  Copying SRC_DIR/alloy/sync/properties.js --> Resources/iphone/alloy/sync/properties.js
[TRACE]  Copying SRC_DIR/alloy/sync/localStorage.js --> Resources/iphone/alloy/sync/localStorage.js
[TRACE]  Copying SRC_DIR/alloy/controllers/BaseController.js --> Resources/iphone/alloy/controllers/BaseController.js
[TRACE]  Copying SRC_DIR/alloy/widget.js --> Resources/iphone/alloy/widget.js
[TRACE]  Copying SRC_DIR/alloy/underscore.js --> Resources/iphone/alloy/underscore.js
[TRACE]  Copying SRC_DIR/alloy.js --> Resources/iphone/alloy.js
[TRACE]  
[TRACE]  SRC_DIR=/Users/enrique/.appcelerator/install/4.0.2/package/node_modules/appc-cli-titanium/node_modules/alloy/Alloy/common
[TRACE]  Copying SRC_DIR/constants.js --> Resources/iphone/alloy/constants.js
[TRACE]  
[TRACE]  SRC_DIR=/Users/enrique/Documents/Appcelerator_Studio_Workspace/HADA/app/assets
[TRACE]  
[TRACE]  SRC_DIR=/Users/enrique/Documents/Appcelerator_Studio_Workspace/HADA/app/lib
[TRACE]  Copying SRC_DIR/utilities.js --> Resources/iphone/utilities.js
[TRACE]  - Processing "builtins" module...
[TRACE]  - Processing "optimizer" module...
[TRACE]  - Processing "compress" module...
[DEBUG]  map:        "/Users/enrique/Documents/Appcelerator_Studio_Workspace/HADA/build/map/Resources/iphone/utilities.js.map"
[TRACE]  
[DEBUG]  
[INFO]   ----- MVC GENERATION -----
[INFO]   [global style] loading from cache...
[INFO]   [icon.xml] nl.fokkezb.button view processing...
[INFO]   style:      "icon.tss"
[INFO]   view:       "icon.xml"
[INFO]   controller: "icon.js"
[TRACE]  WIDGET_SRC=app/widgets/nl.fokkezb.button/lib
[TRACE]  Copying styles.js --> Resources/iphone/nl.fokkezb.button/styles.js...
[TRACE]  
[TRACE]  - Processing "builtins" module...
[TRACE]  - Processing "optimizer" module...
[TRACE]  - Processing "compress" module...
[INFO]   created:    "Resources/iphone/alloy/widgets/nl.fokkezb.button/controllers/icon.js"
[DEBUG]  map:        "build/map/Resources/iphone/alloy/widgets/nl.fokkezb.button/controllers/icon.js.map"
[INFO]   created:     "Resources/iphone/alloy/widgets/nl.fokkezb.button/styles/icon.js"
[INFO]   [title.xml] nl.fokkezb.button view processing...
[INFO]   style:      "title.tss"
[INFO]   view:       "title.xml"
[INFO]   controller: "title.js"
[TRACE]  WIDGET_SRC=app/widgets/nl.fokkezb.button/lib
[TRACE]  Copying styles.js --> Resources/iphone/nl.fokkezb.button/styles.js...
[TRACE]  
[TRACE]  - Processing "builtins" module...
[TRACE]  - Processing "optimizer" module...
[TRACE]  - Processing "compress" module...
[INFO]   created:    "Resources/iphone/alloy/widgets/nl.fokkezb.button/controllers/title.js"
[DEBUG]  map:        "build/map/Resources/iphone/alloy/widgets/nl.fokkezb.button/controllers/title.js.map"
[INFO]   created:     "Resources/iphone/alloy/widgets/nl.fokkezb.button/styles/title.js"
[INFO]   [widget.xml] nl.fokkezb.button view processing...
[INFO]   style:      "widget.tss"
[INFO]   view:       "widget.xml"
[INFO]   controller: "widget.js"
[TRACE]  WIDGET_SRC=app/widgets/nl.fokkezb.button/lib
[TRACE]  Copying styles.js --> Resources/iphone/nl.fokkezb.button/styles.js...
[TRACE]  
[TRACE]  - Processing "builtins" module...
[TRACE]  - Processing "optimizer" module...
[TRACE]  - Processing "compress" module...
[INFO]   created:    "Resources/iphone/alloy/widgets/nl.fokkezb.button/controllers/widget.js"
[DEBUG]  map:        "build/map/Resources/iphone/alloy/widgets/nl.fokkezb.button/controllers/widget.js.map"
[INFO]   created:     "Resources/iphone/alloy/widgets/nl.fokkezb.button/styles/widget.js"
[INFO]   [annotation.xml] view processing...
[INFO]   style:      "annotation.tss"
[INFO]   view:       "annotation.xml"
[INFO]   controller: "annotation.js"
[TRACE]  - Processing "builtins" module...
[TRACE]  - Processing "optimizer" module...
[TRACE]  - Processing "compress" module...
[INFO]   created:    "Resources/iphone/alloy/controllers/annotation.js"
[DEBUG]  map:        "build/map/Resources/iphone/alloy/controllers/annotation.js.map"
[INFO]   created:     "Resources/iphone/alloy/styles/annotation.js"
[INFO]   [form.xml] view processing...
[INFO]   style:      "form.tss"
[INFO]   view:       "form.xml"
[INFO]   controller: "form.js"
[TRACE]  - Processing "builtins" module...
[TRACE]  - Processing "optimizer" module...
[TRACE]  - Processing "compress" module...
[INFO]   created:    "Resources/iphone/alloy/controllers/form.js"
[DEBUG]  map:        "build/map/Resources/iphone/alloy/controllers/form.js.map"
[INFO]   created:     "Resources/iphone/alloy/styles/form.js"
[INFO]   [index.xml] view processing...
[INFO]   style:      "index.tss"
[INFO]   view:       "index.xml"
[INFO]   controller: "index.js"
[TRACE]  - Processing "builtins" module...
[TRACE]  - Processing "optimizer" module...
[TRACE]  - Processing "compress" module...
[INFO]   created:    "Resources/iphone/alloy/controllers/index.js"
[DEBUG]  map:        "build/map/Resources/iphone/alloy/controllers/index.js.map"
[INFO]   created:     "Resources/iphone/alloy/styles/index.js"
[INFO]   [loader.xml] view processing...
[INFO]   style:      "loader.tss"
[INFO]   view:       "loader.xml"
[INFO]   controller: "loader.js"
[TRACE]  - Processing "builtins" module...
[TRACE]  - Processing "optimizer" module...
[TRACE]  - Processing "compress" module...
[INFO]   created:    "Resources/iphone/alloy/controllers/loader.js"
[DEBUG]  map:        "build/map/Resources/iphone/alloy/controllers/loader.js.map"
[INFO]   created:     "Resources/iphone/alloy/styles/loader.js"
[INFO]   [profile.xml] view processing...
[INFO]   style:      "profile.tss"
[INFO]   view:       "profile.xml"
[WARN]   <Activity> is only available in Android
[WARN]   To get rid of this warning, add platform="android" to your <Activity> element
[INFO]   controller: "profile.js"
[TRACE]  - Processing "builtins" module...
[TRACE]  - Processing "optimizer" module...
[TRACE]  - Processing "compress" module...
[INFO]   created:    "Resources/iphone/alloy/controllers/profile.js"
[DEBUG]  map:        "build/map/Resources/iphone/alloy/controllers/profile.js.map"
[INFO]   created:     "Resources/iphone/alloy/styles/profile.js"
[INFO]   
[INFO]   [app.js] using cached app.js...
[INFO]   
[INFO]   ----- OPTIMIZING -----
[INFO]   - iphone/alloy.js
[TRACE]  processing "builtins" module...
[TRACE]  processing "optimizer" module...
[TRACE]  processing "compress" module...
[INFO]   - iphone/utilities.js
[TRACE]  processing "builtins" module...
[TRACE]  processing "optimizer" module...
[TRACE]  processing "compress" module...
[INFO]   - iphone/alloy/sync/localStorage.js
[TRACE]  processing "builtins" module...
[TRACE]  processing "optimizer" module...
[TRACE]  processing "compress" module...
[INFO]   - iphone/alloy/sync/properties.js
[TRACE]  processing "builtins" module...
[TRACE]  processing "optimizer" module...
[TRACE]  processing "compress" module...
[INFO]   - iphone/alloy/sync/sql.js
[TRACE]  processing "builtins" module...
[TRACE]  processing "optimizer" module...
[TRACE]  processing "compress" module...
[INFO]   - iphone/alloy/widgets/nl.fokkezb.button/controllers/icon.js
[TRACE]  processing "builtins" module...
[TRACE]  processing "optimizer" module...
[TRACE]  processing "compress" module...
[INFO]   - iphone/alloy/widgets/nl.fokkezb.button/controllers/title.js
[TRACE]  processing "builtins" module...
[TRACE]  processing "optimizer" module...
[TRACE]  processing "compress" module...
[INFO]   - iphone/alloy/widgets/nl.fokkezb.button/controllers/widget.js
[TRACE]  processing "builtins" module...
[TRACE]  processing "optimizer" module...
[TRACE]  processing "compress" module...
[INFO]   - iphone/alloy/widgets/nl.fokkezb.button/styles/icon.js
[TRACE]  processing "builtins" module...
[TRACE]  processing "optimizer" module...
[TRACE]  processing "compress" module...
[INFO]   - iphone/alloy/widgets/nl.fokkezb.button/styles/title.js
[TRACE]  processing "builtins" module...
[TRACE]  processing "optimizer" module...
[TRACE]  processing "compress" module...
[INFO]   - iphone/alloy/widgets/nl.fokkezb.button/styles/widget.js
[TRACE]  processing "builtins" module...
[TRACE]  processing "optimizer" module...
[TRACE]  processing "compress" module...
[INFO]   - iphone/nl.fokkezb.button/styles.js
[TRACE]  processing "builtins" module...
[TRACE]  processing "optimizer" module...
[TRACE]  processing "compress" module...
[TRACE]  
[TRACE]  Benchmarking
[TRACE]  ------------
[TRACE]  [1.23942s] TOTAL
[INFO]   
[INFO]   Alloy compiled in 1.23942s
[INFO]   Alloy compiler completed successfully
[DEBUG]  Setting Info.plist CFBundleVersion to 1.3
[DEBUG]  Setting Info.plist CFBundleShortVersionString to 1.3
[DEBUG]  Copying /Users/enrique/Documents/Appcelerator_Studio_Workspace/HADA/Resources/iphone/appicon.png => /Users/enrique/Documents/Appcelerator_Studio_Workspace/HADA/build/iphone/build/Debug-iphonesimulator/Directory.app/appicon.png
[INFO]   Initiating Xcode pre-compile phase
[DEBUG]  Ignoring /Users/enrique/Documents/Appcelerator_Studio_Workspace/HADA/Resources/android
[DEBUG]  Ignoring /Users/enrique/Documents/Appcelerator_Studio_Workspace/HADA/Resources/iphone
[DEBUG]  Ignoring /Users/enrique/Documents/Appcelerator_Studio_Workspace/HADA/Resources/mobileweb
[DEBUG]  Copying /Users/enrique/Documents/Appcelerator_Studio_Workspace/HADA/Resources/iphone/Default-568h@2x.png => /Users/enrique/Documents/Appcelerator_Studio_Workspace/HADA/build/iphone/build/Debug-iphonesimulator/Directory.app/Default-568h@2x.png
[DEBUG]  Copying /Users/enrique/Documents/Appcelerator_Studio_Workspace/HADA/Resources/iphone/Default-667h@2x.png => /Users/enrique/Documents/Appcelerator_Studio_Workspace/HADA/build/iphone/build/Debug-iphonesimulator/Directory.app/Default-667h@2x.png
[DEBUG]  Copying /Users/enrique/Documents/Appcelerator_Studio_Workspace/HADA/Resources/iphone/Default-Landscape-736h@3x.png => /Users/enrique/Documents/Appcelerator_Studio_Workspace/HADA/build/iphone/build/Debug-iphonesimulator/Directory.app/Default-Landscape-736h@3x.png
[DEBUG]  Copying /Users/enrique/Documents/Appcelerator_Studio_Workspace/HADA/Resources/iphone/Default-Portrait-736h@3x.png => /Users/enrique/Documents/Appcelerator_Studio_Workspace/HADA/build/iphone/build/Debug-iphonesimulator/Directory.app/Default-Portrait-736h@3x.png
[DEBUG]  Copying /Users/enrique/Documents/Appcelerator_Studio_Workspace/HADA/Resources/iphone/Default.png => /Users/enrique/Documents/Appcelerator_Studio_Workspace/HADA/build/iphone/build/Debug-iphonesimulator/Directory.app/Default.png
[DEBUG]  Copying /Users/enrique/Documents/Appcelerator_Studio_Workspace/HADA/Resources/iphone/Default@2x.png => /Users/enrique/Documents/Appcelerator_Studio_Workspace/HADA/build/iphone/build/Debug-iphonesimulator/Directory.app/Default@2x.png
[DEBUG]  Symlinking /Users/enrique/Documents/Appcelerator_Studio_Workspace/HADA/Resources/iphone/Icon-50.png => /Users/enrique/Documents/Appcelerator_Studio_Workspace/HADA/build/iphone/build/Debug-iphonesimulator/Directory.app/Icon-50.png
[DEBUG]  Symlinking /Users/enrique/Documents/Appcelerator_Studio_Workspace/HADA/Resources/iphone/Icon-50@2x.png => /Users/enrique/Documents/Appcelerator_Studio_Workspace/HADA/build/iphone/build/Debug-iphonesimulator/Directory.app/Icon-50@2x.png
[DEBUG]  Symlinking /Users/enrique/Documents/Appcelerator_Studio_Workspace/HADA/Resources/iphone/Icon-Small-50.png => /Users/enrique/Documents/Appcelerator_Studio_Workspace/HADA/build/iphone/build/Debug-iphonesimulator/Directory.app/Icon-Small-50.png
[DEBUG]  Symlinking /Users/enrique/Documents/Appcelerator_Studio_Workspace/HADA/Resources/iphone/Icon-Small.png => /Users/enrique/Documents/Appcelerator_Studio_Workspace/HADA/build/iphone/build/Debug-iphonesimulator/Directory.app/Icon-Small.png
[DEBUG]  Symlinking /Users/enrique/Documents/Appcelerator_Studio_Workspace/HADA/Resources/iphone/Icon-Small@2x.png => /Users/enrique/Documents/Appcelerator_Studio_Workspace/HADA/build/iphone/build/Debug-iphonesimulator/Directory.app/Icon-Small@2x.png
[DEBUG]  Copying /Users/enrique/Documents/Appcelerator_Studio_Workspace/HADA/Resources/iphone/appicon-72.png => /Users/enrique/Documents/Appcelerator_Studio_Workspace/HADA/build/iphone/build/Debug-iphonesimulator/Directory.app/appicon-72.png
[DEBUG]  Copying /Users/enrique/Documents/Appcelerator_Studio_Workspace/HADA/Resources/iphone/appicon-72@2x.png => /Users/enrique/Documents/Appcelerator_Studio_Workspace/HADA/build/iphone/build/Debug-iphonesimulator/Directory.app/appicon-72@2x.png
[DEBUG]  Copying /Users/enrique/Documents/Appcelerator_Studio_Workspace/HADA/Resources/iphone/appicon.png => /Users/enrique/Documents/Appcelerator_Studio_Workspace/HADA/build/iphone/build/Debug-iphonesimulator/Directory.app/appicon.png
[DEBUG]  Copying /Users/enrique/Documents/Appcelerator_Studio_Workspace/HADA/Resources/iphone/appicon@2x.png => /Users/enrique/Documents/Appcelerator_Studio_Workspace/HADA/build/iphone/build/Debug-iphonesimulator/Directory.app/appicon@2x.png
[DEBUG]  Copying /Users/enrique/Documents/Appcelerator_Studio_Workspace/HADA/Resources/iphone/fonts/icomoon.ttf => /Users/enrique/Documents/Appcelerator_Studio_Workspace/HADA/build/iphone/build/Debug-iphonesimulator/Directory.app/fonts/icomoon.ttf
[DEBUG]  Symlinking /Users/enrique/Documents/Appcelerator_Studio_Workspace/HADA/Resources/iphone/fonts/icomoon.woff => /Users/enrique/Documents/Appcelerator_Studio_Workspace/HADA/build/iphone/build/Debug-iphonesimulator/Directory.app/fonts/icomoon.woff
[DEBUG]  Copying /Users/enrique/Documents/Appcelerator_Studio_Workspace/HADA/Resources/iphone/iTunesArtwork => /Users/enrique/Documents/Appcelerator_Studio_Workspace/HADA/build/iphone/build/Debug-iphonesimulator/Directory.app/iTunesArtwork
[DEBUG]  Copying /Users/enrique/Documents/Appcelerator_Studio_Workspace/HADA/Resources/iphone/iTunesArtwork@2x => /Users/enrique/Documents/Appcelerator_Studio_Workspace/HADA/build/iphone/build/Debug-iphonesimulator/Directory.app/iTunesArtwork@2x
[DEBUG]  Symlinking /Users/enrique/Documents/Appcelerator_Studio_Workspace/HADA/Resources/iphone/images/RocketFlight/RocketFlight01.png => /Users/enrique/Documents/Appcelerator_Studio_Workspace/HADA/build/iphone/build/Debug-iphonesimulator/Directory.app/images/RocketFlight/RocketFlight01.png
[DEBUG]  Symlinking /Users/enrique/Documents/Appcelerator_Studio_Workspace/HADA/Resources/iphone/images/RocketFlight/RocketFlight01@2x.png => /Users/enrique/Documents/Appcelerator_Studio_Workspace/HADA/build/iphone/build/Debug-iphonesimulator/Directory.app/images/RocketFlight/RocketFlight01@2x.png
[DEBUG]  Symlinking /Users/enrique/Documents/Appcelerator_Studio_Workspace/HADA/Resources/iphone/images/RocketFlight/RocketFlight02.png => /Users/enrique/Documents/Appcelerator_Studio_Workspace/HADA/build/iphone/build/Debug-iphonesimulator/Directory.app/images/RocketFlight/RocketFlight02.png
[DEBUG]  Symlinking /Users/enrique/Documents/Appcelerator_Studio_Workspace/HADA/Resources/iphone/images/RocketFlight/RocketFlight02@2x.png => /Users/enrique/Documents/Appcelerator_Studio_Workspace/HADA/build/iphone/build/Debug-iphonesimulator/Directory.app/images/RocketFlight/RocketFlight02@2x.png
[DEBUG]  Symlinking /Users/enrique/Documents/Appcelerator_Studio_Workspace/HADA/Resources/iphone/images/RocketFlight/RocketFlight03.png => /Users/enrique/Documents/Appcelerator_Studio_Workspace/HADA/build/iphone/build/Debug-iphonesimulator/Directory.app/images/RocketFlight/RocketFlight03.png
[DEBUG]  Symlinking /Users/enrique/Documents/Appcelerator_Studio_Workspace/HADA/Resources/iphone/images/RocketFlight/RocketFlight03@2x.png => /Users/enrique/Documents/Appcelerator_Studio_Workspace/HADA/build/iphone/build/Debug-iphonesimulator/Directory.app/images/RocketFlight/RocketFlight03@2x.png
[DEBUG]  Symlinking /Users/enrique/Documents/Appcelerator_Studio_Workspace/HADA/Resources/iphone/images/RocketFlight/RocketFlight04.png => /Users/enrique/Documents/Appcelerator_Studio_Workspace/HADA/build/iphone/build/Debug-iphonesimulator/Directory.app/images/RocketFlight/RocketFlight04.png
[DEBUG]  Symlinking /Users/enrique/Documents/Appcelerator_Studio_Workspace/HADA/Resources/iphone/images/RocketFlight/RocketFlight04@2x.png => /Users/enrique/Documents/Appcelerator_Studio_Workspace/HADA/build/iphone/build/Debug-iphonesimulator/Directory.app/images/RocketFlight/RocketFlight04@2x.png
[DEBUG]  Symlinking /Users/enrique/Documents/Appcelerator_Studio_Workspace/HADA/Resources/iphone/images/RocketFlight/RocketFlight05.png => /Users/enrique/Documents/Appcelerator_Studio_Workspace/HADA/build/iphone/build/Debug-iphonesimulator/Directory.app/images/RocketFlight/RocketFlight05.png
[DEBUG]  Symlinking /Users/enrique/Documents/Appcelerator_Studio_Workspace/HADA/Resources/iphone/images/RocketFlight/RocketFlight05@2x.png => /Users/enrique/Documents/Appcelerator_Studio_Workspace/HADA/build/iphone/build/Debug-iphonesimulator/Directory.app/images/RocketFlight/RocketFlight05@2x.png
[DEBUG]  Symlinking /Users/enrique/Documents/Appcelerator_Studio_Workspace/HADA/Resources/iphone/images/RocketFlight/RocketFlight06.png => /Users/enrique/Documents/Appcelerator_Studio_Workspace/HADA/build/iphone/build/Debug-iphonesimulator/Directory.app/images/RocketFlight/RocketFlight06.png
[DEBUG]  Symlinking /Users/enrique/Documents/Appcelerator_Studio_Workspace/HADA/Resources/iphone/images/RocketFlight/RocketFlight06@2x.png => /Users/enrique/Documents/Appcelerator_Studio_Workspace/HADA/build/iphone/build/Debug-iphonesimulator/Directory.app/images/RocketFlight/RocketFlight06@2x.png
[DEBUG]  Symlinking /Users/enrique/Documents/Appcelerator_Studio_Workspace/HADA/Resources/iphone/images/RocketFlight/RocketFlight07.png => /Users/enrique/Documents/Appcelerator_Studio_Workspace/HADA/build/iphone/build/Debug-iphonesimulator/Directory.app/images/RocketFlight/RocketFlight07.png
[DEBUG]  Symlinking /Users/enrique/Documents/Appcelerator_Studio_Workspace/HADA/Resources/iphone/images/RocketFlight/RocketFlight07@2x.png => /Users/enrique/Documents/Appcelerator_Studio_Workspace/HADA/build/iphone/build/Debug-iphonesimulator/Directory.app/images/RocketFlight/RocketFlight07@2x.png
[DEBUG]  Symlinking /Users/enrique/Documents/Appcelerator_Studio_Workspace/HADA/Resources/iphone/images/RocketFlight/RocketFlight08.png => /Users/enrique/Documents/Appcelerator_Studio_Workspace/HADA/build/iphone/build/Debug-iphonesimulator/Directory.app/images/RocketFlight/RocketFlight08.png
[DEBUG]  Symlinking /Users/enrique/Documents/Appcelerator_Studio_Workspace/HADA/Resources/iphone/images/RocketFlight/RocketFlight08@2x.png => /Users/enrique/Documents/Appcelerator_Studio_Workspace/HADA/build/iphone/build/Debug-iphonesimulator/Directory.app/images/RocketFlight/RocketFlight08@2x.png
[DEBUG]  Symlinking /Users/enrique/Documents/Appcelerator_Studio_Workspace/HADA/Resources/iphone/images/RocketFlight/RocketFlight09.png => /Users/enrique/Documents/Appcelerator_Studio_Workspace/HADA/build/iphone/build/Debug-iphonesimulator/Directory.app/images/RocketFlight/RocketFlight09.png
[DEBUG]  Symlinking /Users/enrique/Documents/Appcelerator_Studio_Workspace/HADA/Resources/iphone/images/RocketFlight/RocketFlight09@2x.png => /Users/enrique/Documents/Appcelerator_Studio_Workspace/HADA/build/iphone/build/Debug-iphonesimulator/Directory.app/images/RocketFlight/RocketFlight09@2x.png
[DEBUG]  Symlinking /Users/enrique/Documents/Appcelerator_Studio_Workspace/HADA/Resources/iphone/images/RocketFlight/RocketFlight10.png => /Users/enrique/Documents/Appcelerator_Studio_Workspace/HADA/build/iphone/build/Debug-iphonesimulator/Directory.app/images/RocketFlight/RocketFlight10.png
[DEBUG]  Symlinking /Users/enrique/Documents/Appcelerator_Studio_Workspace/HADA/Resources/iphone/images/RocketFlight/RocketFlight10@2x.png => /Users/enrique/Documents/Appcelerator_Studio_Workspace/HADA/build/iphone/build/Debug-iphonesimulator/Directory.app/images/RocketFlight/RocketFlight10@2x.png
[DEBUG]  Symlinking /Users/enrique/Documents/Appcelerator_Studio_Workspace/HADA/Resources/iphone/images/RocketFlight/RocketFlight11.png => /Users/enrique/Documents/Appcelerator_Studio_Workspace/HADA/build/iphone/build/Debug-iphonesimulator/Directory.app/images/RocketFlight/RocketFlight11.png
[DEBUG]  Symlinking /Users/enrique/Documents/Appcelerator_Studio_Workspace/HADA/Resources/iphone/images/RocketFlight/RocketFlight11@2x.png => /Users/enrique/Documents/Appcelerator_Studio_Workspace/HADA/build/iphone/build/Debug-iphonesimulator/Directory.app/images/RocketFlight/RocketFlight11@2x.png
[DEBUG]  Symlinking /Users/enrique/Documents/Appcelerator_Studio_Workspace/HADA/Resources/iphone/images/RocketFlight/RocketFlight12.png => /Users/enrique/Documents/Appcelerator_Studio_Workspace/HADA/build/iphone/build/Debug-iphonesimulator/Directory.app/images/RocketFlight/RocketFlight12.png
[DEBUG]  Symlinking /Users/enrique/Documents/Appcelerator_Studio_Workspace/HADA/Resources/iphone/images/RocketFlight/RocketFlight12@2x.png => /Users/enrique/Documents/Appcelerator_Studio_Workspace/HADA/build/iphone/build/Debug-iphonesimulator/Directory.app/images/RocketFlight/RocketFlight12@2x.png
[DEBUG]  Symlinking /Users/enrique/Documents/Appcelerator_Studio_Workspace/HADA/Resources/iphone/images/RocketFlight/RocketFlight13.png => /Users/enrique/Documents/Appcelerator_Studio_Workspace/HADA/build/iphone/build/Debug-iphonesimulator/Directory.app/images/RocketFlight/RocketFlight13.png
[DEBUG]  Symlinking /Users/enrique/Documents/Appcelerator_Studio_Workspace/HADA/Resources/iphone/images/RocketFlight/RocketFlight13@2x.png => /Users/enrique/Documents/Appcelerator_Studio_Workspace/HADA/build/iphone/build/Debug-iphonesimulator/Directory.app/images/RocketFlight/RocketFlight13@2x.png
[DEBUG]  Symlinking /Users/enrique/Documents/Appcelerator_Studio_Workspace/HADA/Resources/iphone/images/RocketFlight/RocketFlight14.png => /Users/enrique/Documents/Appcelerator_Studio_Workspace/HADA/build/iphone/build/Debug-iphonesimulator/Directory.app/images/RocketFlight/RocketFlight14.png
[DEBUG]  Symlinking /Users/enrique/Documents/Appcelerator_Studio_Workspace/HADA/Resources/iphone/images/RocketFlight/RocketFlight14@2x.png => /Users/enrique/Documents/Appcelerator_Studio_Workspace/HADA/build/iphone/build/Debug-iphonesimulator/Directory.app/images/RocketFlight/RocketFlight14@2x.png
[DEBUG]  Symlinking /Users/enrique/Documents/Appcelerator_Studio_Workspace/HADA/Resources/iphone/images/RocketFlight/RocketFlight15.png => /Users/enrique/Documents/Appcelerator_Studio_Workspace/HADA/build/iphone/build/Debug-iphonesimulator/Directory.app/images/RocketFlight/RocketFlight15.png
[DEBUG]  Symlinking /Users/enrique/Documents/Appcelerator_Studio_Workspace/HADA/Resources/iphone/images/RocketFlight/RocketFlight15@2x.png => /Users/enrique/Documents/Appcelerator_Studio_Workspace/HADA/build/iphone/build/Debug-iphonesimulator/Directory.app/images/RocketFlight/RocketFlight15@2x.png
[DEBUG]  Symlinking /Users/enrique/Documents/Appcelerator_Studio_Workspace/HADA/Resources/iphone/images/RocketFlight/RocketFlight16.png => /Users/enrique/Documents/Appcelerator_Studio_Workspace/HADA/build/iphone/build/Debug-iphonesimulator/Directory.app/images/RocketFlight/RocketFlight16.png
[DEBUG]  Symlinking /Users/enrique/Documents/Appcelerator_Studio_Workspace/HADA/Resources/iphone/images/RocketFlight/RocketFlight16@2x.png => /Users/enrique/Documents/Appcelerator_Studio_Workspace/HADA/build/iphone/build/Debug-iphonesimulator/Directory.app/images/RocketFlight/RocketFlight16@2x.png
[DEBUG]  Symlinking /Users/enrique/Documents/Appcelerator_Studio_Workspace/HADA/Resources/iphone/images/RocketFlight/RocketFlight17.png => /Users/enrique/Documents/Appcelerator_Studio_Workspace/HADA/build/iphone/build/Debug-iphonesimulator/Directory.app/images/RocketFlight/RocketFlight17.png
[DEBUG]  Symlinking /Users/enrique/Documents/Appcelerator_Studio_Workspace/HADA/Resources/iphone/images/RocketFlight/RocketFlight17@2x.png => /Users/enrique/Documents/Appcelerator_Studio_Workspace/HADA/build/iphone/build/Debug-iphonesimulator/Directory.app/images/RocketFlight/RocketFlight17@2x.png
[DEBUG]  Symlinking /Users/enrique/Documents/Appcelerator_Studio_Workspace/HADA/Resources/iphone/images/RocketFlight/RocketFlight18.png => /Users/enrique/Documents/Appcelerator_Studio_Workspace/HADA/build/iphone/build/Debug-iphonesimulator/Directory.app/images/RocketFlight/RocketFlight18.png
[DEBUG]  Symlinking /Users/enrique/Documents/Appcelerator_Studio_Workspace/HADA/Resources/iphone/images/RocketFlight/RocketFlight18@2x.png => /Users/enrique/Documents/Appcelerator_Studio_Workspace/HADA/build/iphone/build/Debug-iphonesimulator/Directory.app/images/RocketFlight/RocketFlight18@2x.png
[DEBUG]  Symlinking /Users/enrique/Documents/Appcelerator_Studio_Workspace/HADA/Resources/iphone/images/RocketFlight/RocketFlight19.png => /Users/enrique/Documents/Appcelerator_Studio_Workspace/HADA/build/iphone/build/Debug-iphonesimulator/Directory.app/images/RocketFlight/RocketFlight19.png
[DEBUG]  Symlinking /Users/enrique/Documents/Appcelerator_Studio_Workspace/HADA/Resources/iphone/images/RocketFlight/RocketFlight19@2x.png => /Users/enrique/Documents/Appcelerator_Studio_Workspace/HADA/build/iphone/build/Debug-iphonesimulator/Directory.app/images/RocketFlight/RocketFlight19@2x.png
[DEBUG]  Symlinking /Users/enrique/Documents/Appcelerator_Studio_Workspace/HADA/Resources/iphone/images/RocketFlight/RocketFlight20.png => /Users/enrique/Documents/Appcelerator_Studio_Workspace/HADA/build/iphone/build/Debug-iphonesimulator/Directory.app/images/RocketFlight/RocketFlight20.png
[DEBUG]  Symlinking /Users/enrique/Documents/Appcelerator_Studio_Workspace/HADA/Resources/iphone/images/RocketFlight/RocketFlight20@2x.png => /Users/enrique/Documents/Appcelerator_Studio_Workspace/HADA/build/iphone/build/Debug-iphonesimulator/Directory.app/images/RocketFlight/RocketFlight20@2x.png
[DEBUG]  Symlinking /Users/enrique/Documents/Appcelerator_Studio_Workspace/HADA/Resources/iphone/images/RocketFlight/RocketFlight21.png => /Users/enrique/Documents/Appcelerator_Studio_Workspace/HADA/build/iphone/build/Debug-iphonesimulator/Directory.app/images/RocketFlight/RocketFlight21.png
[DEBUG]  Symlinking /Users/enrique/Documents/Appcelerator_Studio_Workspace/HADA/Resources/iphone/images/RocketFlight/RocketFlight21@2x.png => /Users/enrique/Documents/Appcelerator_Studio_Workspace/HADA/build/iphone/build/Debug-iphonesimulator/Directory.app/images/RocketFlight/RocketFlight21@2x.png
[DEBUG]  Symlinking /Users/enrique/Documents/Appcelerator_Studio_Workspace/HADA/Resources/iphone/images/RocketFlight/RocketFlight22.png => /Users/enrique/Documents/Appcelerator_Studio_Workspace/HADA/build/iphone/build/Debug-iphonesimulator/Directory.app/images/RocketFlight/RocketFlight22.png
[DEBUG]  Symlinking /Users/enrique/Documents/Appcelerator_Studio_Workspace/HADA/Resources/iphone/images/RocketFlight/RocketFlight22@2x.png => /Users/enrique/Documents/Appcelerator_Studio_Workspace/HADA/build/iphone/build/Debug-iphonesimulator/Directory.app/images/RocketFlight/RocketFlight22@2x.png
[DEBUG]  Symlinking /Users/enrique/Documents/Appcelerator_Studio_Workspace/HADA/Resources/iphone/images/RocketFlight/RocketFlight23.png => /Users/enrique/Documents/Appcelerator_Studio_Workspace/HADA/build/iphone/build/Debug-iphonesimulator/Directory.app/images/RocketFlight/RocketFlight23.png
[DEBUG]  Symlinking /Users/enrique/Documents/Appcelerator_Studio_Workspace/HADA/Resources/iphone/images/RocketFlight/RocketFlight23@2x.png => /Users/enrique/Documents/Appcelerator_Studio_Workspace/HADA/build/iphone/build/Debug-iphonesimulator/Directory.app/images/RocketFlight/RocketFlight23@2x.png
[DEBUG]  Symlinking /Users/enrique/Documents/Appcelerator_Studio_Workspace/HADA/Resources/iphone/images/RocketFlight/RocketFlight24.png => /Users/enrique/Documents/Appcelerator_Studio_Workspace/HADA/build/iphone/build/Debug-iphonesimulator/Directory.app/images/RocketFlight/RocketFlight24.png
[DEBUG]  Symlinking /Users/enrique/Documents/Appcelerator_Studio_Workspace/HADA/Resources/iphone/images/RocketFlight/RocketFlight24@2x.png => /Users/enrique/Documents/Appcelerator_Studio_Workspace/HADA/build/iphone/build/Debug-iphonesimulator/Directory.app/images/RocketFlight/RocketFlight24@2x.png
[DEBUG]  Symlinking /Users/enrique/Documents/Appcelerator_Studio_Workspace/HADA/Resources/iphone/images/RocketFlight/RocketFlight25.png => /Users/enrique/Documents/Appcelerator_Studio_Workspace/HADA/build/iphone/build/Debug-iphonesimulator/Directory.app/images/RocketFlight/RocketFlight25.png
[DEBUG]  Symlinking /Users/enrique/Documents/Appcelerator_Studio_Workspace/HADA/Resources/iphone/images/RocketFlight/RocketFlight25@2x.png => /Users/enrique/Documents/Appcelerator_Studio_Workspace/HADA/build/iphone/build/Debug-iphonesimulator/Directory.app/images/RocketFlight/RocketFlight25@2x.png
[DEBUG]  Symlinking /Users/enrique/Documents/Appcelerator_Studio_Workspace/HADA/Resources/iphone/images/RocketSmoke/RocketSmoke01.png => /Users/enrique/Documents/Appcelerator_Studio_Workspace/HADA/build/iphone/build/Debug-iphonesimulator/Directory.app/images/RocketSmoke/RocketSmoke01.png
[DEBUG]  Symlinking /Users/enrique/Documents/Appcelerator_Studio_Workspace/HADA/Resources/iphone/images/RocketSmoke/RocketSmoke01@2x.png => /Users/enrique/Documents/Appcelerator_Studio_Workspace/HADA/build/iphone/build/Debug-iphonesimulator/Directory.app/images/RocketSmoke/RocketSmoke01@2x.png
[DEBUG]  Symlinking /Users/enrique/Documents/Appcelerator_Studio_Workspace/HADA/Resources/iphone/images/RocketSmoke/RocketSmoke02.png => /Users/enrique/Documents/Appcelerator_Studio_Workspace/HADA/build/iphone/build/Debug-iphonesimulator/Directory.app/images/RocketSmoke/RocketSmoke02.png
[DEBUG]  Symlinking /Users/enrique/Documents/Appcelerator_Studio_Workspace/HADA/Resources/iphone/images/RocketSmoke/RocketSmoke02@2x.png => /Users/enrique/Documents/Appcelerator_Studio_Workspace/HADA/build/iphone/build/Debug-iphonesimulator/Directory.app/images/RocketSmoke/RocketSmoke02@2x.png
[DEBUG]  Symlinking /Users/enrique/Documents/Appcelerator_Studio_Workspace/HADA/Resources/iphone/images/RocketSmoke/RocketSmoke03.png => /Users/enrique/Documents/Appcelerator_Studio_Workspace/HADA/build/iphone/build/Debug-iphonesimulator/Directory.app/images/RocketSmoke/RocketSmoke03.png
[DEBUG]  Symlinking /Users/enrique/Documents/Appcelerator_Studio_Workspace/HADA/Resources/iphone/images/RocketSmoke/RocketSmoke03@2x.png => /Users/enrique/Documents/Appcelerator_Studio_Workspace/HADA/build/iphone/build/Debug-iphonesimulator/Directory.app/images/RocketSmoke/RocketSmoke03@2x.png
[DEBUG]  Symlinking /Users/enrique/Documents/Appcelerator_Studio_Workspace/HADA/Resources/iphone/images/RocketSmoke/RocketSmoke04.png => /Users/enrique/Documents/Appcelerator_Studio_Workspace/HADA/build/iphone/build/Debug-iphonesimulator/Directory.app/images/RocketSmoke/RocketSmoke04.png
[DEBUG]  Symlinking /Users/enrique/Documents/Appcelerator_Studio_Workspace/HADA/Resources/iphone/images/RocketSmoke/RocketSmoke04@2x.png => /Users/enrique/Documents/Appcelerator_Studio_Workspace/HADA/build/iphone/build/Debug-iphonesimulator/Directory.app/images/RocketSmoke/RocketSmoke04@2x.png
[DEBUG]  Symlinking /Users/enrique/Documents/Appcelerator_Studio_Workspace/HADA/Resources/iphone/images/RocketSmoke/RocketSmoke05.png => /Users/enrique/Documents/Appcelerator_Studio_Workspace/HADA/build/iphone/build/Debug-iphonesimulator/Directory.app/images/RocketSmoke/RocketSmoke05.png
[DEBUG]  Symlinking /Users/enrique/Documents/Appcelerator_Studio_Workspace/HADA/Resources/iphone/images/RocketSmoke/RocketSmoke05@2x.png => /Users/enrique/Documents/Appcelerator_Studio_Workspace/HADA/build/iphone/build/Debug-iphonesimulator/Directory.app/images/RocketSmoke/RocketSmoke05@2x.png
[DEBUG]  Symlinking /Users/enrique/Documents/Appcelerator_Studio_Workspace/HADA/Resources/iphone/images/RocketSmoke/RocketSmoke06.png => /Users/enrique/Documents/Appcelerator_Studio_Workspace/HADA/build/iphone/build/Debug-iphonesimulator/Directory.app/images/RocketSmoke/RocketSmoke06.png
[DEBUG]  Symlinking /Users/enrique/Documents/Appcelerator_Studio_Workspace/HADA/Resources/iphone/images/RocketSmoke/RocketSmoke06@2x.png => /Users/enrique/Documents/Appcelerator_Studio_Workspace/HADA/build/iphone/build/Debug-iphonesimulator/Directory.app/images/RocketSmoke/RocketSmoke06@2x.png
[DEBUG]  Symlinking /Users/enrique/Documents/Appcelerator_Studio_Workspace/HADA/Resources/iphone/images/RocketSmoke/RocketSmoke07.png => /Users/enrique/Documents/Appcelerator_Studio_Workspace/HADA/build/iphone/build/Debug-iphonesimulator/Directory.app/images/RocketSmoke/RocketSmoke07.png
[DEBUG]  Symlinking /Users/enrique/Documents/Appcelerator_Studio_Workspace/HADA/Resources/iphone/images/RocketSmoke/RocketSmoke07@2x.png => /Users/enrique/Documents/Appcelerator_Studio_Workspace/HADA/build/iphone/build/Debug-iphonesimulator/Directory.app/images/RocketSmoke/RocketSmoke07@2x.png
[DEBUG]  Symlinking /Users/enrique/Documents/Appcelerator_Studio_Workspace/HADA/Resources/iphone/images/RocketSmoke/RocketSmoke08.png => /Users/enrique/Documents/Appcelerator_Studio_Workspace/HADA/build/iphone/build/Debug-iphonesimulator/Directory.app/images/RocketSmoke/RocketSmoke08.png
[DEBUG]  Symlinking /Users/enrique/Documents/Appcelerator_Studio_Workspace/HADA/Resources/iphone/images/RocketSmoke/RocketSmoke08@2x.png => /Users/enrique/Documents/Appcelerator_Studio_Workspace/HADA/build/iphone/build/Debug-iphonesimulator/Directory.app/images/RocketSmoke/RocketSmoke08@2x.png
[DEBUG]  Symlinking /Users/enrique/Documents/Appcelerator_Studio_Workspace/HADA/Resources/iphone/images/RocketSmoke/RocketSmoke09.png => /Users/enrique/Documents/Appcelerator_Studio_Workspace/HADA/build/iphone/build/Debug-iphonesimulator/Directory.app/images/RocketSmoke/RocketSmoke09.png
[DEBUG]  Symlinking /Users/enrique/Documents/Appcelerator_Studio_Workspace/HADA/Resources/iphone/images/RocketSmoke/RocketSmoke09@2x.png => /Users/enrique/Documents/Appcelerator_Studio_Workspace/HADA/build/iphone/build/Debug-iphonesimulator/Directory.app/images/RocketSmoke/RocketSmoke09@2x.png
[DEBUG]  Symlinking /Users/enrique/Documents/Appcelerator_Studio_Workspace/HADA/Resources/iphone/images/RocketSmoke/RocketSmoke10.png => /Users/enrique/Documents/Appcelerator_Studio_Workspace/HADA/build/iphone/build/Debug-iphonesimulator/Directory.app/images/RocketSmoke/RocketSmoke10.png
[DEBUG]  Symlinking /Users/enrique/Documents/Appcelerator_Studio_Workspace/HADA/Resources/iphone/images/RocketSmoke/RocketSmoke10@2x.png => /Users/enrique/Documents/Appcelerator_Studio_Workspace/HADA/build/iphone/build/Debug-iphonesimulator/Directory.app/images/RocketSmoke/RocketSmoke10@2x.png
[DEBUG]  Symlinking /Users/enrique/Documents/Appcelerator_Studio_Workspace/HADA/Resources/iphone/images/RocketSmoke/RocketSmoke11.png => /Users/enrique/Documents/Appcelerator_Studio_Workspace/HADA/build/iphone/build/Debug-iphonesimulator/Directory.app/images/RocketSmoke/RocketSmoke11.png
[DEBUG]  Symlinking /Users/enrique/Documents/Appcelerator_Studio_Workspace/HADA/Resources/iphone/images/RocketSmoke/RocketSmoke11@2x.png => /Users/enrique/Documents/Appcelerator_Studio_Workspace/HADA/build/iphone/build/Debug-iphonesimulator/Directory.app/images/RocketSmoke/RocketSmoke11@2x.png
[DEBUG]  Symlinking /Users/enrique/Documents/Appcelerator_Studio_Workspace/HADA/Resources/iphone/images/RocketSmoke/RocketSmoke12.png => /Users/enrique/Documents/Appcelerator_Studio_Workspace/HADA/build/iphone/build/Debug-iphonesimulator/Directory.app/images/RocketSmoke/RocketSmoke12.png
[DEBUG]  Symlinking /Users/enrique/Documents/Appcelerator_Studio_Workspace/HADA/Resources/iphone/images/RocketSmoke/RocketSmoke12@2x.png => /Users/enrique/Documents/Appcelerator_Studio_Workspace/HADA/build/iphone/build/Debug-iphonesimulator/Directory.app/images/RocketSmoke/RocketSmoke12@2x.png
[DEBUG]  Symlinking /Users/enrique/Documents/Appcelerator_Studio_Workspace/HADA/Resources/iphone/images/RocketSmoke/RocketSmoke13.png => /Users/enrique/Documents/Appcelerator_Studio_Workspace/HADA/build/iphone/build/Debug-iphonesimulator/Directory.app/images/RocketSmoke/RocketSmoke13.png
[DEBUG]  Symlinking /Users/enrique/Documents/Appcelerator_Studio_Workspace/HADA/Resources/iphone/images/RocketSmoke/RocketSmoke13@2x.png => /Users/enrique/Documents/Appcelerator_Studio_Workspace/HADA/build/iphone/build/Debug-iphonesimulator/Directory.app/images/RocketSmoke/RocketSmoke13@2x.png
[DEBUG]  Symlinking /Users/enrique/Documents/Appcelerator_Studio_Workspace/HADA/Resources/iphone/images/RocketSmoke/RocketSmoke14.png => /Users/enrique/Documents/Appcelerator_Studio_Workspace/HADA/build/iphone/build/Debug-iphonesimulator/Directory.app/images/RocketSmoke/RocketSmoke14.png
[DEBUG]  Symlinking /Users/enrique/Documents/Appcelerator_Studio_Workspace/HADA/Resources/iphone/images/RocketSmoke/RocketSmoke14@2x.png => /Users/enrique/Documents/Appcelerator_Studio_Workspace/HADA/build/iphone/build/Debug-iphonesimulator/Directory.app/images/RocketSmoke/RocketSmoke14@2x.png
[DEBUG]  Symlinking /Users/enrique/Documents/Appcelerator_Studio_Workspace/HADA/Resources/iphone/images/RocketSmoke/RocketSmoke15.png => /Users/enrique/Documents/Appcelerator_Studio_Workspace/HADA/build/iphone/build/Debug-iphonesimulator/Directory.app/images/RocketSmoke/RocketSmoke15.png
[DEBUG]  Symlinking /Users/enrique/Documents/Appcelerator_Studio_Workspace/HADA/Resources/iphone/images/RocketSmoke/RocketSmoke15@2x.png => /Users/enrique/Documents/Appcelerator_Studio_Workspace/HADA/build/iphone/build/Debug-iphonesimulator/Directory.app/images/RocketSmoke/RocketSmoke15@2x.png
[DEBUG]  Symlinking /Users/enrique/Documents/Appcelerator_Studio_Workspace/HADA/Resources/iphone/images/RocketSmoke/RocketSmoke16.png => /Users/enrique/Documents/Appcelerator_Studio_Workspace/HADA/build/iphone/build/Debug-iphonesimulator/Directory.app/images/RocketSmoke/RocketSmoke16.png
[DEBUG]  Symlinking /Users/enrique/Documents/Appcelerator_Studio_Workspace/HADA/Resources/iphone/images/RocketSmoke/RocketSmoke16@2x.png => /Users/enrique/Documents/Appcelerator_Studio_Workspace/HADA/build/iphone/build/Debug-iphonesimulator/Directory.app/images/RocketSmoke/RocketSmoke16@2x.png
[DEBUG]  Symlinking /Users/enrique/Documents/Appcelerator_Studio_Workspace/HADA/Resources/iphone/images/RocketSmoke/RocketSmoke17.png => /Users/enrique/Documents/Appcelerator_Studio_Workspace/HADA/build/iphone/build/Debug-iphonesimulator/Directory.app/images/RocketSmoke/RocketSmoke17.png
[DEBUG]  Symlinking /Users/enrique/Documents/Appcelerator_Studio_Workspace/HADA/Resources/iphone/images/RocketSmoke/RocketSmoke17@2x.png => /Users/enrique/Documents/Appcelerator_Studio_Workspace/HADA/build/iphone/build/Debug-iphonesimulator/Directory.app/images/RocketSmoke/RocketSmoke17@2x.png
[DEBUG]  Symlinking /Users/enrique/Documents/Appcelerator_Studio_Workspace/HADA/Resources/iphone/images/RocketSmoke/RocketSmoke18.png => /Users/enrique/Documents/Appcelerator_Studio_Workspace/HADA/build/iphone/build/Debug-iphonesimulator/Directory.app/images/RocketSmoke/RocketSmoke18.png
[DEBUG]  Symlinking /Users/enrique/Documents/Appcelerator_Studio_Workspace/HADA/Resources/iphone/images/RocketSmoke/RocketSmoke18@2x.png => /Users/enrique/Documents/Appcelerator_Studio_Workspace/HADA/build/iphone/build/Debug-iphonesimulator/Directory.app/images/RocketSmoke/RocketSmoke18@2x.png
[DEBUG]  Symlinking /Users/enrique/Documents/Appcelerator_Studio_Workspace/HADA/Resources/iphone/images/RocketSmoke/RocketSmoke19.png => /Users/enrique/Documents/Appcelerator_Studio_Workspace/HADA/build/iphone/build/Debug-iphonesimulator/Directory.app/images/RocketSmoke/RocketSmoke19.png
[DEBUG]  Symlinking /Users/enrique/Documents/Appcelerator_Studio_Workspace/HADA/Resources/iphone/images/RocketSmoke/RocketSmoke19@2x.png => /Users/enrique/Documents/Appcelerator_Studio_Workspace/HADA/build/iphone/build/Debug-iphonesimulator/Directory.app/images/RocketSmoke/RocketSmoke19@2x.png
[DEBUG]  Symlinking /Users/enrique/Documents/Appcelerator_Studio_Workspace/HADA/Resources/iphone/images/RocketSmoke/RocketSmoke20.png => /Users/enrique/Documents/Appcelerator_Studio_Workspace/HADA/build/iphone/build/Debug-iphonesimulator/Directory.app/images/RocketSmoke/RocketSmoke20.png
[DEBUG]  Symlinking /Users/enrique/Documents/Appcelerator_Studio_Workspace/HADA/Resources/iphone/images/RocketSmoke/RocketSmoke20@2x.png => /Users/enrique/Documents/Appcelerator_Studio_Workspace/HADA/build/iphone/build/Debug-iphonesimulator/Directory.app/images/RocketSmoke/RocketSmoke20@2x.png
[DEBUG]  Symlinking /Users/enrique/Documents/Appcelerator_Studio_Workspace/HADA/Resources/iphone/images/RocketSmoke/RocketSmoke21.png => /Users/enrique/Documents/Appcelerator_Studio_Workspace/HADA/build/iphone/build/Debug-iphonesimulator/Directory.app/images/RocketSmoke/RocketSmoke21.png
[DEBUG]  Symlinking /Users/enrique/Documents/Appcelerator_Studio_Workspace/HADA/Resources/iphone/images/RocketSmoke/RocketSmoke21@2x.png => /Users/enrique/Documents/Appcelerator_Studio_Workspace/HADA/build/iphone/build/Debug-iphonesimulator/Directory.app/images/RocketSmoke/RocketSmoke21@2x.png
[DEBUG]  Symlinking /Users/enrique/Documents/Appcelerator_Studio_Workspace/HADA/Resources/iphone/images/RocketSmoke/RocketSmoke22.png => /Users/enrique/Documents/Appcelerator_Studio_Workspace/HADA/build/iphone/build/Debug-iphonesimulator/Directory.app/images/RocketSmoke/RocketSmoke22.png
[DEBUG]  Symlinking /Users/enrique/Documents/Appcelerator_Studio_Workspace/HADA/Resources/iphone/images/RocketSmoke/RocketSmoke22@2x.png => /Users/enrique/Documents/Appcelerator_Studio_Workspace/HADA/build/iphone/build/Debug-iphonesimulator/Directory.app/images/RocketSmoke/RocketSmoke22@2x.png
[DEBUG]  Symlinking /Users/enrique/Documents/Appcelerator_Studio_Workspace/HADA/Resources/iphone/images/RocketSmoke/RocketSmoke23.png => /Users/enrique/Documents/Appcelerator_Studio_Workspace/HADA/build/iphone/build/Debug-iphonesimulator/Directory.app/images/RocketSmoke/RocketSmoke23.png
[DEBUG]  Symlinking /Users/enrique/Documents/Appcelerator_Studio_Workspace/HADA/Resources/iphone/images/RocketSmoke/RocketSmoke23@2x.png => /Users/enrique/Documents/Appcelerator_Studio_Workspace/HADA/build/iphone/build/Debug-iphonesimulator/Directory.app/images/RocketSmoke/RocketSmoke23@2x.png
[DEBUG]  Symlinking /Users/enrique/Documents/Appcelerator_Studio_Workspace/HADA/Resources/iphone/images/RocketSmoke/RocketSmoke24.png => /Users/enrique/Documents/Appcelerator_Studio_Workspace/HADA/build/iphone/build/Debug-iphonesimulator/Directory.app/images/RocketSmoke/RocketSmoke24.png
[DEBUG]  Symlinking /Users/enrique/Documents/Appcelerator_Studio_Workspace/HADA/Resources/iphone/images/RocketSmoke/RocketSmoke24@2x.png => /Users/enrique/Documents/Appcelerator_Studio_Workspace/HADA/build/iphone/build/Debug-iphonesimulator/Directory.app/images/RocketSmoke/RocketSmoke24@2x.png
[DEBUG]  Symlinking /Users/enrique/Documents/Appcelerator_Studio_Workspace/HADA/Resources/iphone/images/RocketSmoke/RocketSmoke25.png => /Users/enrique/Documents/Appcelerator_Studio_Workspace/HADA/build/iphone/build/Debug-iphonesimulator/Directory.app/images/RocketSmoke/RocketSmoke25.png
[DEBUG]  Symlinking /Users/enrique/Documents/Appcelerator_Studio_Workspace/HADA/Resources/iphone/images/RocketSmoke/RocketSmoke25@2x.png => /Users/enrique/Documents/Appcelerator_Studio_Workspace/HADA/build/iphone/build/Debug-iphonesimulator/Directory.app/images/RocketSmoke/RocketSmoke25@2x.png
[DEBUG]  Symlinking /Users/enrique/Documents/Appcelerator_Studio_Workspace/HADA/Resources/iphone/images/RocketSmoke/RocketSmoke26.png => /Users/enrique/Documents/Appcelerator_Studio_Workspace/HADA/build/iphone/build/Debug-iphonesimulator/Directory.app/images/RocketSmoke/RocketSmoke26.png
[DEBUG]  Symlinking /Users/enrique/Documents/Appcelerator_Studio_Workspace/HADA/Resources/iphone/images/RocketSmoke/RocketSmoke26@2x.png => /Users/enrique/Documents/Appcelerator_Studio_Workspace/HADA/build/iphone/build/Debug-iphonesimulator/Directory.app/images/RocketSmoke/RocketSmoke26@2x.png
[DEBUG]  Symlinking /Users/enrique/Documents/Appcelerator_Studio_Workspace/HADA/Resources/iphone/images/RocketSmoke/RocketSmoke27.png => /Users/enrique/Documents/Appcelerator_Studio_Workspace/HADA/build/iphone/build/Debug-iphonesimulator/Directory.app/images/RocketSmoke/RocketSmoke27.png
[DEBUG]  Symlinking /Users/enrique/Documents/Appcelerator_Studio_Workspace/HADA/Resources/iphone/images/RocketSmoke/RocketSmoke27@2x.png => /Users/enrique/Documents/Appcelerator_Studio_Workspace/HADA/build/iphone/build/Debug-iphonesimulator/Directory.app/images/RocketSmoke/RocketSmoke27@2x.png
[DEBUG]  Symlinking /Users/enrique/Documents/Appcelerator_Studio_Workspace/HADA/Resources/iphone/images/RocketSmoke/RocketSmoke28.png => /Users/enrique/Documents/Appcelerator_Studio_Workspace/HADA/build/iphone/build/Debug-iphonesimulator/Directory.app/images/RocketSmoke/RocketSmoke28.png
[DEBUG]  Symlinking /Users/enrique/Documents/Appcelerator_Studio_Workspace/HADA/Resources/iphone/images/RocketSmoke/RocketSmoke28@2x.png => /Users/enrique/Documents/Appcelerator_Studio_Workspace/HADA/build/iphone/build/Debug-iphonesimulator/Directory.app/images/RocketSmoke/RocketSmoke28@2x.png
[DEBUG]  Symlinking /Users/enrique/Documents/Appcelerator_Studio_Workspace/HADA/Resources/iphone/images/RocketSmoke/RocketSmoke29.png => /Users/enrique/Documents/Appcelerator_Studio_Workspace/HADA/build/iphone/build/Debug-iphonesimulator/Directory.app/images/RocketSmoke/RocketSmoke29.png
[DEBUG]  Symlinking /Users/enrique/Documents/Appcelerator_Studio_Workspace/HADA/Resources/iphone/images/RocketSmoke/RocketSmoke29@2x.png => /Users/enrique/Documents/Appcelerator_Studio_Workspace/HADA/build/iphone/build/Debug-iphonesimulator/Directory.app/images/RocketSmoke/RocketSmoke29@2x.png
[DEBUG]  Symlinking /Users/enrique/Documents/Appcelerator_Studio_Workspace/HADA/Resources/iphone/images/RocketSmoke/RocketSmoke30.png => /Users/enrique/Documents/Appcelerator_Studio_Workspace/HADA/build/iphone/build/Debug-iphonesimulator/Directory.app/images/RocketSmoke/RocketSmoke30.png
[DEBUG]  Symlinking /Users/enrique/Documents/Appcelerator_Studio_Workspace/HADA/Resources/iphone/images/RocketSmoke/RocketSmoke30@2x.png => /Users/enrique/Documents/Appcelerator_Studio_Workspace/HADA/build/iphone/build/Debug-iphonesimulator/Directory.app/images/RocketSmoke/RocketSmoke30@2x.png
[DEBUG]  Symlinking /Users/enrique/Documents/Appcelerator_Studio_Workspace/HADA/Resources/iphone/images/RocketSmoke/RocketSmoke31.png => /Users/enrique/Documents/Appcelerator_Studio_Workspace/HADA/build/iphone/build/Debug-iphonesimulator/Directory.app/images/RocketSmoke/RocketSmoke31.png
[DEBUG]  Symlinking /Users/enrique/Documents/Appcelerator_Studio_Workspace/HADA/Resources/iphone/images/RocketSmoke/RocketSmoke31@2x.png => /Users/enrique/Documents/Appcelerator_Studio_Workspace/HADA/build/iphone/build/Debug-iphonesimulator/Directory.app/images/RocketSmoke/RocketSmoke31@2x.png
[DEBUG]  Symlinking /Users/enrique/Documents/Appcelerator_Studio_Workspace/HADA/Resources/iphone/images/RocketSmoke/RocketSmoke32.png => /Users/enrique/Documents/Appcelerator_Studio_Workspace/HADA/build/iphone/build/Debug-iphonesimulator/Directory.app/images/RocketSmoke/RocketSmoke32.png
[DEBUG]  Symlinking /Users/enrique/Documents/Appcelerator_Studio_Workspace/HADA/Resources/iphone/images/RocketSmoke/RocketSmoke32@2x.png => /Users/enrique/Documents/Appcelerator_Studio_Workspace/HADA/build/iphone/build/Debug-iphonesimulator/Directory.app/images/RocketSmoke/RocketSmoke32@2x.png
[DEBUG]  Symlinking /Users/enrique/Documents/Appcelerator_Studio_Workspace/HADA/Resources/iphone/images/RocketSmoke/RocketSmoke33.png => /Users/enrique/Documents/Appcelerator_Studio_Workspace/HADA/build/iphone/build/Debug-iphonesimulator/Directory.app/images/RocketSmoke/RocketSmoke33.png
[DEBUG]  Symlinking /Users/enrique/Documents/Appcelerator_Studio_Workspace/HADA/Resources/iphone/images/RocketSmoke/RocketSmoke33@2x.png => /Users/enrique/Documents/Appcelerator_Studio_Workspace/HADA/build/iphone/build/Debug-iphonesimulator/Directory.app/images/RocketSmoke/RocketSmoke33@2x.png
[DEBUG]  Symlinking /Users/enrique/Documents/Appcelerator_Studio_Workspace/HADA/Resources/iphone/images/RocketSmoke/RocketSmoke34.png => /Users/enrique/Documents/Appcelerator_Studio_Workspace/HADA/build/iphone/build/Debug-iphonesimulator/Directory.app/images/RocketSmoke/RocketSmoke34.png
[DEBUG]  Symlinking /Users/enrique/Documents/Appcelerator_Studio_Workspace/HADA/Resources/iphone/images/RocketSmoke/RocketSmoke34@2x.png => /Users/enrique/Documents/Appcelerator_Studio_Workspace/HADA/build/iphone/build/Debug-iphonesimulator/Directory.app/images/RocketSmoke/RocketSmoke34@2x.png
[DEBUG]  Symlinking /Users/enrique/Documents/Appcelerator_Studio_Workspace/HADA/Resources/iphone/images/RocketSmoke/RocketSmoke35.png => /Users/enrique/Documents/Appcelerator_Studio_Workspace/HADA/build/iphone/build/Debug-iphonesimulator/Directory.app/images/RocketSmoke/RocketSmoke35.png
[DEBUG]  Symlinking /Users/enrique/Documents/Appcelerator_Studio_Workspace/HADA/Resources/iphone/images/RocketSmoke/RocketSmoke35@2x.png => /Users/enrique/Documents/Appcelerator_Studio_Workspace/HADA/build/iphone/build/Debug-iphonesimulator/Directory.app/images/RocketSmoke/RocketSmoke35@2x.png
[DEBUG]  Symlinking /Users/enrique/Documents/Appcelerator_Studio_Workspace/HADA/Resources/iphone/images/RocketSmoke/RocketSmoke36.png => /Users/enrique/Documents/Appcelerator_Studio_Workspace/HADA/build/iphone/build/Debug-iphonesimulator/Directory.app/images/RocketSmoke/RocketSmoke36.png
[DEBUG]  Symlinking /Users/enrique/Documents/Appcelerator_Studio_Workspace/HADA/Resources/iphone/images/RocketSmoke/RocketSmoke36@2x.png => /Users/enrique/Documents/Appcelerator_Studio_Workspace/HADA/build/iphone/build/Debug-iphonesimulator/Directory.app/images/RocketSmoke/RocketSmoke36@2x.png
[DEBUG]  Symlinking /Users/enrique/Documents/Appcelerator_Studio_Workspace/HADA/Resources/iphone/images/RocketSmoke/RocketSmoke37.png => /Users/enrique/Documents/Appcelerator_Studio_Workspace/HADA/build/iphone/build/Debug-iphonesimulator/Directory.app/images/RocketSmoke/RocketSmoke37.png
[DEBUG]  Symlinking /Users/enrique/Documents/Appcelerator_Studio_Workspace/HADA/Resources/iphone/images/RocketSmoke/RocketSmoke37@2x.png => /Users/enrique/Documents/Appcelerator_Studio_Workspace/HADA/build/iphone/build/Debug-iphonesimulator/Directory.app/images/RocketSmoke/RocketSmoke37@2x.png
[DEBUG]  Symlinking /Users/enrique/Documents/Appcelerator_Studio_Workspace/HADA/Resources/iphone/userData/data.json => /Users/enrique/Documents/Appcelerator_Studio_Workspace/HADA/build/iphone/build/Debug-iphonesimulator/Directory.app/userData/data.json
[INFO]   Processing JavaScript files
[DEBUG]  Symlinking /Users/enrique/Documents/Appcelerator_Studio_Workspace/HADA/Resources/iphone/alloy/CFG.js => /Users/enrique/Documents/Appcelerator_Studio_Workspace/HADA/build/iphone/build/Debug-iphonesimulator/Directory.app/alloy/CFG.js
[DEBUG]  Symlinking /Users/enrique/Documents/Appcelerator_Studio_Workspace/HADA/Resources/iphone/app.js => /Users/enrique/Documents/Appcelerator_Studio_Workspace/HADA/build/iphone/build/Debug-iphonesimulator/Directory.app/app.js
[DEBUG]  Symlinking /Users/enrique/Documents/Appcelerator_Studio_Workspace/HADA/Resources/iphone/alloy/backbone.js => /Users/enrique/Documents/Appcelerator_Studio_Workspace/HADA/build/iphone/build/Debug-iphonesimulator/Directory.app/alloy/backbone.js
[DEBUG]  Symlinking /Users/enrique/Documents/Appcelerator_Studio_Workspace/HADA/Resources/iphone/alloy/constants.js => /Users/enrique/Documents/Appcelerator_Studio_Workspace/HADA/build/iphone/build/Debug-iphonesimulator/Directory.app/alloy/constants.js
[DEBUG]  Symlinking /Users/enrique/Documents/Appcelerator_Studio_Workspace/HADA/Resources/iphone/alloy/controllers/BaseController.js => /Users/enrique/Documents/Appcelerator_Studio_Workspace/HADA/build/iphone/build/Debug-iphonesimulator/Directory.app/alloy/controllers/BaseController.js
[DEBUG]  Symlinking /Users/enrique/Documents/Appcelerator_Studio_Workspace/HADA/Resources/iphone/alloy/controllers/annotation.js => /Users/enrique/Documents/Appcelerator_Studio_Workspace/HADA/build/iphone/build/Debug-iphonesimulator/Directory.app/alloy/controllers/annotation.js
[DEBUG]  Symlinking /Users/enrique/Documents/Appcelerator_Studio_Workspace/HADA/Resources/iphone/alloy/controllers/form.js => /Users/enrique/Documents/Appcelerator_Studio_Workspace/HADA/build/iphone/build/Debug-iphonesimulator/Directory.app/alloy/controllers/form.js
[DEBUG]  Symlinking /Users/enrique/Documents/Appcelerator_Studio_Workspace/HADA/Resources/iphone/alloy/controllers/index.js => /Users/enrique/Documents/Appcelerator_Studio_Workspace/HADA/build/iphone/build/Debug-iphonesimulator/Directory.app/alloy/controllers/index.js
[DEBUG]  Symlinking /Users/enrique/Documents/Appcelerator_Studio_Workspace/HADA/Resources/iphone/alloy/controllers/loader.js => /Users/enrique/Documents/Appcelerator_Studio_Workspace/HADA/build/iphone/build/Debug-iphonesimulator/Directory.app/alloy/controllers/loader.js
[DEBUG]  Symlinking /Users/enrique/Documents/Appcelerator_Studio_Workspace/HADA/Resources/iphone/alloy/controllers/profile.js => /Users/enrique/Documents/Appcelerator_Studio_Workspace/HADA/build/iphone/build/Debug-iphonesimulator/Directory.app/alloy/controllers/profile.js
[DEBUG]  Symlinking /Users/enrique/Documents/Appcelerator_Studio_Workspace/HADA/Resources/iphone/alloy/styles/annotation.js => /Users/enrique/Documents/Appcelerator_Studio_Workspace/HADA/build/iphone/build/Debug-iphonesimulator/Directory.app/alloy/styles/annotation.js
[DEBUG]  Symlinking /Users/enrique/Documents/Appcelerator_Studio_Workspace/HADA/Resources/iphone/alloy/styles/form.js => /Users/enrique/Documents/Appcelerator_Studio_Workspace/HADA/build/iphone/build/Debug-iphonesimulator/Directory.app/alloy/styles/form.js
[DEBUG]  Symlinking /Users/enrique/Documents/Appcelerator_Studio_Workspace/HADA/Resources/iphone/alloy/styles/index.js => /Users/enrique/Documents/Appcelerator_Studio_Workspace/HADA/build/iphone/build/Debug-iphonesimulator/Directory.app/alloy/styles/index.js
[DEBUG]  Symlinking /Users/enrique/Documents/Appcelerator_Studio_Workspace/HADA/Resources/iphone/alloy/styles/loader.js => /Users/enrique/Documents/Appcelerator_Studio_Workspace/HADA/build/iphone/build/Debug-iphonesimulator/Directory.app/alloy/styles/loader.js
[DEBUG]  Symlinking /Users/enrique/Documents/Appcelerator_Studio_Workspace/HADA/Resources/iphone/alloy/styles/profile.js => /Users/enrique/Documents/Appcelerator_Studio_Workspace/HADA/build/iphone/build/Debug-iphonesimulator/Directory.app/alloy/styles/profile.js
[DEBUG]  Symlinking /Users/enrique/Documents/Appcelerator_Studio_Workspace/HADA/Resources/iphone/alloy/sync/localStorage.js => /Users/enrique/Documents/Appcelerator_Studio_Workspace/HADA/build/iphone/build/Debug-iphonesimulator/Directory.app/alloy/sync/localStorage.js
[DEBUG]  Symlinking /Users/enrique/Documents/Appcelerator_Studio_Workspace/HADA/Resources/iphone/alloy/sync/properties.js => /Users/enrique/Documents/Appcelerator_Studio_Workspace/HADA/build/iphone/build/Debug-iphonesimulator/Directory.app/alloy/sync/properties.js
[DEBUG]  Symlinking /Users/enrique/Documents/Appcelerator_Studio_Workspace/HADA/Resources/iphone/alloy/sync/sql.js => /Users/enrique/Documents/Appcelerator_Studio_Workspace/HADA/build/iphone/build/Debug-iphonesimulator/Directory.app/alloy/sync/sql.js
[DEBUG]  Symlinking /Users/enrique/Documents/Appcelerator_Studio_Workspace/HADA/Resources/iphone/alloy/underscore.js => /Users/enrique/Documents/Appcelerator_Studio_Workspace/HADA/build/iphone/build/Debug-iphonesimulator/Directory.app/alloy/underscore.js
[DEBUG]  Symlinking /Users/enrique/Documents/Appcelerator_Studio_Workspace/HADA/Resources/iphone/alloy/widget.js => /Users/enrique/Documents/Appcelerator_Studio_Workspace/HADA/build/iphone/build/Debug-iphonesimulator/Directory.app/alloy/widget.js
[DEBUG]  Symlinking /Users/enrique/Documents/Appcelerator_Studio_Workspace/HADA/Resources/iphone/alloy/widgets/nl.fokkezb.button/controllers/icon.js => /Users/enrique/Documents/Appcelerator_Studio_Workspace/HADA/build/iphone/build/Debug-iphonesimulator/Directory.app/alloy/widgets/nl.fokkezb.button/controllers/icon.js
[DEBUG]  Symlinking /Users/enrique/Documents/Appcelerator_Studio_Workspace/HADA/Resources/iphone/alloy/widgets/nl.fokkezb.button/controllers/title.js => /Users/enrique/Documents/Appcelerator_Studio_Workspace/HADA/build/iphone/build/Debug-iphonesimulator/Directory.app/alloy/widgets/nl.fokkezb.button/controllers/title.js
[DEBUG]  Symlinking /Users/enrique/Documents/Appcelerator_Studio_Workspace/HADA/Resources/iphone/alloy/widgets/nl.fokkezb.button/controllers/widget.js => /Users/enrique/Documents/Appcelerator_Studio_Workspace/HADA/build/iphone/build/Debug-iphonesimulator/Directory.app/alloy/widgets/nl.fokkezb.button/controllers/widget.js
[DEBUG]  Symlinking /Users/enrique/Documents/Appcelerator_Studio_Workspace/HADA/Resources/iphone/alloy/widgets/nl.fokkezb.button/styles/icon.js => /Users/enrique/Documents/Appcelerator_Studio_Workspace/HADA/build/iphone/build/Debug-iphonesimulator/Directory.app/alloy/widgets/nl.fokkezb.button/styles/icon.js
[DEBUG]  Symlinking /Users/enrique/Documents/Appcelerator_Studio_Workspace/HADA/Resources/iphone/alloy/widgets/nl.fokkezb.button/styles/title.js => /Users/enrique/Documents/Appcelerator_Studio_Workspace/HADA/build/iphone/build/Debug-iphonesimulator/Directory.app/alloy/widgets/nl.fokkezb.button/styles/title.js
[DEBUG]  Symlinking /Users/enrique/Documents/Appcelerator_Studio_Workspace/HADA/Resources/iphone/alloy/widgets/nl.fokkezb.button/styles/widget.js => /Users/enrique/Documents/Appcelerator_Studio_Workspace/HADA/build/iphone/build/Debug-iphonesimulator/Directory.app/alloy/widgets/nl.fokkezb.button/styles/widget.js
[DEBUG]  Symlinking /Users/enrique/Documents/Appcelerator_Studio_Workspace/HADA/Resources/iphone/alloy.js => /Users/enrique/Documents/Appcelerator_Studio_Workspace/HADA/build/iphone/build/Debug-iphonesimulator/Directory.app/alloy.js
[DEBUG]  Symlinking /Users/enrique/Documents/Appcelerator_Studio_Workspace/HADA/Resources/iphone/nl.fokkezb.button/styles.js => /Users/enrique/Documents/Appcelerator_Studio_Workspace/HADA/build/iphone/build/Debug-iphonesimulator/Directory.app/nl.fokkezb.button/styles.js
[DEBUG]  Symlinking /Users/enrique/Documents/Appcelerator_Studio_Workspace/HADA/Resources/iphone/utilities.js => /Users/enrique/Documents/Appcelerator_Studio_Workspace/HADA/build/iphone/build/Debug-iphonesimulator/Directory.app/utilities.js
[INFO]   Processing Titanium namespace resources
[DEBUG]  Copying /Users/enrique/Library/Application Support/Titanium/mobilesdk/osx/4.0.0.GA/iphone/modules/ui/images => /Users/enrique/Documents/Appcelerator_Studio_Workspace/HADA/build/iphone/build/Debug-iphonesimulator/Directory.app/modules/ui/images
[INFO]   Skipping xcodebuild
[INFO]   Finished building the application in 2s 48ms
[INFO]   Launching iOS Simulator
[DEBUG]  [ioslib] Removing old log file: /Users/enrique/Library/Developer/CoreSimulator/Devices/F2CC00AF-8262-4430-8161-0D7E33A024B1/data/Containers/Data/Application/CBEA0E28-F771-4F1B-8548-ED8E049C025C/Documents/5912f27e-98e6-4231-9333-d2811e4fc8d9.log
[DEBUG]  [ioslib] Executing: /Users/enrique/Library/Application Support/Titanium/mobilesdk/osx/4.0.0.GA/node_modules/ioslib/lib/ios-sim "launch" "/Users/enrique/Documents/Appcelerator_Studio_Workspace/HADA/build/iphone/build/Debug-iphonesimulator/Directory.app" "--verbose" "--xcode-dir" "/Applications/Xcode.app/Contents/Developer" "--udid" "F2CC00AF-8262-4430-8161-0D7E33A024B1" "--timeout" "180"
[DEBUG]  [ioslib] Executing: osascript "/Users/enrique/Library/Application Support/Titanium/mobilesdk/osx/4.0.0.GA/node_modules/ioslib/lib/iphone_sim_activate.scpt" "/Applications/Xcode.app/Contents/Developer/Applications/iOS Simulator.app"
[DEBUG]  [ioslib] [ios-sim] [DEBUG] App Spec: <DTiPhoneSimulatorApplicationSpecifier 0x7f86a630a430> specified by app path /Users/enrique/Documents/Appcelerator_Studio_Workspace/HADA/build/iphone/build/Debug-iphonesimulator/Directory.app
[DEBUG]  [ioslib] [ios-sim] [DEBUG] SDK Root: <DTiPhoneSimulatorSystemRoot 0x7f86a6308e10> path=/Applications/Xcode.app/Contents/Developer/Platforms/iPhoneSimulator.platform/Developer/SDKs/iPhoneSimulator.sdk
[DEBUG]  [ioslib] [ios-sim] [DEBUG] Creating named pipe at `/var/folders/p2/4xjrb4416zv64hj7xj6v9whr0000gp/T//ios-sim-stderr-pipe-1436887133'
[DEBUG]  [ioslib] [ios-sim] [DEBUG] Creating named pipe at `/var/folders/p2/4xjrb4416zv64hj7xj6v9whr0000gp/T//ios-sim-stdout-pipe-1436887133'
[DEBUG]  [ioslib] [ios-sim] [DEBUG] using device family iphone
[DEBUG]  [ioslib] [ios-sim] [DEBUG] Comparing F2CC00AF-8262-4430-8161-0D7E33A024B1 == F2CC00AF-8262-4430-8161-0D7E33A024B1
[DEBUG]  [ioslib] [ios-sim] [DEBUG] set device to : iPhone 4s
[DEBUG]  [ioslib] [ios-sim] [DEBUG] Session started
[DEBUG]  [ioslib] Found application log file: /Users/enrique/Library/Developer/CoreSimulator/Devices/F2CC00AF-8262-4430-8161-0D7E33A024B1/data/Containers/Data/Application/AE714BFF-9353-4BC7-8091-E7BEB1C91405/Documents/5912f27e-98e6-4231-9333-d2811e4fc8d9.log
[INFO]   Project built successfully in 7s 228ms
